<?xml version="1.0" encoding="UTF-8"?>
<!-- Generated by org.testng.reporters.JUnitXMLReporter -->
<testsuite hostname="Bakis-MacBook-Pro.local" ignored="0" name="Default test" tests="2" failures="0" timestamp="23 Jun 2018 22:38:41 GMT" time="37.206" errors="0">
  <testcase name="feature" time="16.939" classname="cucumber.api.testng.AbstractTestNGCucumberTests"/>
  <testcase name="feature" time="19.71" classname="cucumber.api.testng.AbstractTestNGCucumberTests"/>
</testsuite> <!-- Default test -->
