<?xml version="1.0" encoding="UTF-8"?>
<testng-results skipped="0" failed="0" ignored="0" total="2" passed="2">
  <reporter-output>
  </reporter-output>
  <suite name="Default suite" duration-ms="37206" started-at="2018-06-23T22:38:04Z" finished-at="2018-06-23T22:38:41Z">
    <groups>
      <group name="cucumber">
        <method signature="AbstractTestNGCucumberTests.feature(cucumber.api.testng.CucumberFeatureWrapper)[pri:0, instance:com.hrm.testrunner.TestRunner$LoginRunner@6500df86]" name="feature" class="cucumber.api.testng.AbstractTestNGCucumberTests"/>
      </group> <!-- cucumber -->
    </groups>
    <test name="Default test" duration-ms="37206" started-at="2018-06-23T22:38:04Z" finished-at="2018-06-23T22:38:41Z">
      <class name="com.hrm.testrunner.TestRunner$LoginRunner">
        <test-method status="PASS" signature="setUpClass()[pri:0, instance:com.hrm.testrunner.TestRunner$LoginRunner@6500df86]" name="setUpClass" is-config="true" duration-ms="179" started-at="2018-06-23T22:38:04Z" finished-at="2018-06-23T22:38:04Z">
          <reporter-output>
          </reporter-output>
        </test-method> <!-- setUpClass -->
        <test-method status="PASS" signature="feature(cucumber.api.testng.CucumberFeatureWrapper)[pri:0, instance:com.hrm.testrunner.TestRunner$LoginRunner@6500df86]" name="feature" duration-ms="16939" started-at="2018-06-23T22:38:04Z" description="Runs Cucumber Feature" data-provider="features" finished-at="2018-06-23T22:38:21Z">
          <params>
            <param index="0">
              <value>
                <![CDATA[Add new Candidates]]>
              </value>
            </param>
          </params>
          <reporter-output>
          </reporter-output>
        </test-method> <!-- feature -->
        <test-method status="PASS" signature="feature(cucumber.api.testng.CucumberFeatureWrapper)[pri:0, instance:com.hrm.testrunner.TestRunner$LoginRunner@6500df86]" name="feature" duration-ms="19710" started-at="2018-06-23T22:38:21Z" description="Runs Cucumber Feature" data-provider="features" finished-at="2018-06-23T22:38:41Z">
          <params>
            <param index="0">
              <value>
                <![CDATA[Add employee]]>
              </value>
            </param>
          </params>
          <reporter-output>
          </reporter-output>
        </test-method> <!-- feature -->
        <test-method status="PASS" signature="tearDownClass()[pri:0, instance:com.hrm.testrunner.TestRunner$LoginRunner@6500df86]" name="tearDownClass" is-config="true" duration-ms="300" started-at="2018-06-23T22:38:41Z" finished-at="2018-06-23T22:38:41Z">
          <reporter-output>
          </reporter-output>
        </test-method> <!-- tearDownClass -->
      </class> <!-- com.hrm.testrunner.TestRunner$LoginRunner -->
    </test> <!-- Default test -->
  </suite> <!-- Default suite -->
</testng-results>
