<?xml version="1.0" encoding="UTF-8"?>
<testng-results skipped="0" failed="0" ignored="0" total="1" passed="1">
  <reporter-output>
  </reporter-output>
  <suite name="Default suite" duration-ms="5871" started-at="2018-06-20T20:20:54Z" finished-at="2018-06-20T20:21:00Z">
    <groups>
      <group name="cucumber">
        <method signature="AbstractTestNGCucumberTests.feature(cucumber.api.testng.CucumberFeatureWrapper)[pri:0, instance:com.hrm.testrunner.TestRunner$LoginRunner@6500df86]" name="feature" class="cucumber.api.testng.AbstractTestNGCucumberTests"/>
      </group> <!-- cucumber -->
    </groups>
    <test name="Default test" duration-ms="5871" started-at="2018-06-20T20:20:54Z" finished-at="2018-06-20T20:21:00Z">
      <class name="com.hrm.testrunner.TestRunner$LoginRunner">
        <test-method status="PASS" signature="setUpClass()[pri:0, instance:com.hrm.testrunner.TestRunner$LoginRunner@6500df86]" name="setUpClass" is-config="true" duration-ms="196" started-at="2018-06-20T20:20:54Z" finished-at="2018-06-20T20:20:54Z">
          <reporter-output>
          </reporter-output>
        </test-method> <!-- setUpClass -->
        <test-method status="PASS" signature="feature(cucumber.api.testng.CucumberFeatureWrapper)[pri:0, instance:com.hrm.testrunner.TestRunner$LoginRunner@6500df86]" name="feature" duration-ms="5289" started-at="2018-06-20T20:20:54Z" description="Runs Cucumber Feature" data-provider="features" finished-at="2018-06-20T20:21:00Z">
          <params>
            <param index="0">
              <value>
                <![CDATA[Admin Login to HRM home page]]>
              </value>
            </param>
          </params>
          <reporter-output>
          </reporter-output>
        </test-method> <!-- feature -->
        <test-method status="PASS" signature="tearDownClass()[pri:0, instance:com.hrm.testrunner.TestRunner$LoginRunner@6500df86]" name="tearDownClass" is-config="true" duration-ms="286" started-at="2018-06-20T20:21:00Z" finished-at="2018-06-20T20:21:00Z">
          <reporter-output>
          </reporter-output>
        </test-method> <!-- tearDownClass -->
      </class> <!-- com.hrm.testrunner.TestRunner$LoginRunner -->
    </test> <!-- Default test -->
  </suite> <!-- Default suite -->
</testng-results>
