<?xml version="1.0" encoding="UTF-8"?>
<testng-results skipped="0" failed="0" ignored="0" total="1" passed="1">
  <reporter-output>
  </reporter-output>
  <suite name="Default suite" duration-ms="4507" started-at="2018-06-05T19:12:32Z" finished-at="2018-06-05T19:12:36Z">
    <groups>
      <group name="cucumber">
        <method signature="AbstractTestNGCucumberTests.feature(cucumber.api.testng.CucumberFeatureWrapper)[pri:0, instance:TestNGRunnerClass.TestNgRunner@49993335]" name="feature" class="cucumber.api.testng.AbstractTestNGCucumberTests"/>
      </group> <!-- cucumber -->
    </groups>
    <test name="Default test" duration-ms="4507" started-at="2018-06-05T19:12:32Z" finished-at="2018-06-05T19:12:36Z">
      <class name="TestNGRunnerClass.TestNgRunner">
        <test-method status="PASS" signature="setUpClass()[pri:0, instance:TestNGRunnerClass.TestNgRunner@49993335]" name="setUpClass" is-config="true" duration-ms="177" started-at="2018-06-05T19:12:32Z" finished-at="2018-06-05T19:12:32Z">
          <reporter-output>
          </reporter-output>
        </test-method> <!-- setUpClass -->
        <test-method status="PASS" signature="feature(cucumber.api.testng.CucumberFeatureWrapper)[pri:0, instance:TestNGRunnerClass.TestNgRunner@49993335]" name="feature" duration-ms="4259" started-at="2018-06-05T19:12:32Z" description="Runs Cucumber Feature" data-provider="features" finished-at="2018-06-05T19:12:36Z">
          <params>
            <param index="0">
              <value>
                <![CDATA[Admin Login to HRM home page]]>
              </value>
            </param>
          </params>
          <reporter-output>
          </reporter-output>
        </test-method> <!-- feature -->
        <test-method status="PASS" signature="tearDownClass()[pri:0, instance:TestNGRunnerClass.TestNgRunner@49993335]" name="tearDownClass" is-config="true" duration-ms="2" started-at="2018-06-05T19:12:36Z" finished-at="2018-06-05T19:12:36Z">
          <reporter-output>
          </reporter-output>
        </test-method> <!-- tearDownClass -->
      </class> <!-- TestNGRunnerClass.TestNgRunner -->
    </test> <!-- Default test -->
  </suite> <!-- Default suite -->
</testng-results>
